<?xml version="1.0" encoding="UTF-8"?>
<robot generator="Robot 7.2.2 (Python 3.13.2 on win32)" generated="2025-05-17T10:19:50.162592" rpa="false" schemaversion="5">
<suite id="s1" name="Agoda-test" source="c:\Users\tytho\Desktop\Test\Agoda\tests\Agoda-test.robot">
<test id="s1-t1" name="Agoda Booking Hotel" line="25">
<kw name="Open Agoda" owner="Agoda-keyword">
<kw name="Open Browser" owner="SeleniumLibrary">
<msg time="2025-05-17T10:19:50.372361" level="INFO">Opening browser 'chrome' to base url 'https://www.agoda.com'.</msg>
<arg>https://www.agoda.com</arg>
<arg>chrome</arg>
<doc>Opens a new browser instance to the optional ``url``.</doc>
<status status="PASS" start="2025-05-17T10:19:50.372120" elapsed="2.815845"/>
</kw>
<kw name="Maximize Browser Window" owner="SeleniumLibrary">
<doc>Maximizes current browser window.</doc>
<status status="PASS" start="2025-05-17T10:19:53.188272" elapsed="0.072868"/>
</kw>
<status status="PASS" start="2025-05-17T10:19:50.371435" elapsed="2.889948"/>
</kw>
<kw name="Search For City" owner="Agoda-keyword">
<kw name="Input Text" owner="SeleniumLibrary">
<msg time="2025-05-17T10:19:53.263540" level="INFO">Typing text 'Bangkok' into text field 'xpath=//*[@id="textInput"]'.</msg>
<arg>xpath=//*[@id="textInput"]</arg>
<arg>${city}</arg>
<doc>Types the given ``text`` into the text field identified by ``locator``.</doc>
<status status="PASS" start="2025-05-17T10:19:53.262933" elapsed="0.177962"/>
</kw>
<kw name="Wait Until Element Is Visible" owner="SeleniumLibrary">
<arg>xpath=//*[@id="search-box-autocomplete-id"]/div/ul/li[1]</arg>
<arg>5s</arg>
<doc>Waits until the element ``locator`` is visible.</doc>
<status status="PASS" start="2025-05-17T10:19:53.441147" elapsed="0.429231"/>
</kw>
<kw name="Click Element" owner="SeleniumLibrary">
<msg time="2025-05-17T10:19:53.870861" level="INFO">Clicking element 'xpath=//*[@id="search-box-autocomplete-id"]/div/ul/li[1]'.</msg>
<arg>xpath=//*[@id="search-box-autocomplete-id"]/div/ul/li[1]</arg>
<doc>Click the element identified by ``locator``.</doc>
<status status="PASS" start="2025-05-17T10:19:53.870630" elapsed="0.073769"/>
</kw>
<arg>${City}</arg>
<status status="PASS" start="2025-05-17T10:19:53.262224" elapsed="0.682373"/>
</kw>
<kw name="Select Travel Dates" owner="Agoda-keyword">
<kw name="Wait Until Element Is Visible" owner="SeleniumLibrary">
<arg>xpath=//*[@id="DatePicker__AccessibleV2"]/div/div[1]/div[2]/button</arg>
<arg>5s</arg>
<doc>Waits until the element ``locator`` is visible.</doc>
<status status="PASS" start="2025-05-17T10:19:53.945568" elapsed="0.059210"/>
</kw>
<kw name="Click Element" owner="SeleniumLibrary">
<msg time="2025-05-17T10:19:54.005256" level="INFO">Clicking element 'xpath=//*[@id="DatePicker__AccessibleV2"]/div/div[1]/div[2]/button'.</msg>
<arg>xpath=//*[@id="DatePicker__AccessibleV2"]/div/div[1]/div[2]/button</arg>
<doc>Click the element identified by ``locator``.</doc>
<status status="PASS" start="2025-05-17T10:19:54.005036" elapsed="0.068377"/>
</kw>
<kw name="Wait Until Element Is Visible" owner="SeleniumLibrary">
<arg>xpath=//span[text()='20']</arg>
<arg>5s</arg>
<doc>Waits until the element ``locator`` is visible.</doc>
<status status="PASS" start="2025-05-17T10:19:54.073852" elapsed="0.016001"/>
</kw>
<kw name="Click Element" owner="SeleniumLibrary">
<msg time="2025-05-17T10:19:54.090320" level="INFO">Clicking element 'xpath=//span[text()='20']'.</msg>
<arg>xpath=//span[text()='20']</arg>
<doc>Click the element identified by ``locator``.</doc>
<status status="PASS" start="2025-05-17T10:19:54.090099" elapsed="0.110190"/>
</kw>
<kw name="Wait Until Element Is Visible" owner="SeleniumLibrary">
<arg>xpath=//span[text()='22']</arg>
<arg>5s</arg>
<doc>Waits until the element ``locator`` is visible.</doc>
<status status="PASS" start="2025-05-17T10:19:54.200716" elapsed="0.015518"/>
</kw>
<kw name="Click Element" owner="SeleniumLibrary">
<msg time="2025-05-17T10:19:54.216714" level="INFO">Clicking element 'xpath=//span[text()='22']'.</msg>
<arg>xpath=//span[text()='22']</arg>
<doc>Click the element identified by ``locator``.</doc>
<status status="PASS" start="2025-05-17T10:19:54.216488" elapsed="0.075343"/>
</kw>
<status status="PASS" start="2025-05-17T10:19:53.945166" elapsed="0.346849"/>
</kw>
<kw name="Add Rooms" owner="Agoda-keyword">
<kw name="Wait Until Element Is Visible" owner="SeleniumLibrary">
<arg>xpath=//*[@id="FocusTrap"]/div/div/div[1]/div[2]/div[2]</arg>
<arg>5s</arg>
<doc>Waits until the element ``locator`` is visible.</doc>
<status status="PASS" start="2025-05-17T10:19:54.292954" elapsed="0.025458"/>
</kw>
<for flavor="IN RANGE">
<iter>
<kw name="Click Element" owner="SeleniumLibrary">
<msg time="2025-05-17T10:19:54.319596" level="INFO">Clicking element 'xpath=//*[@id="FocusTrap"]/div/div/div[1]/div[2]/div[2]'.</msg>
<arg>xpath=//*[@id="FocusTrap"]/div/div/div[1]/div[2]/div[2]</arg>
<doc>Click the element identified by ``locator``.</doc>
<status status="PASS" start="2025-05-17T10:19:54.319056" elapsed="0.064003"/>
</kw>
<var name="${i}">0</var>
<status status="PASS" start="2025-05-17T10:19:54.318894" elapsed="0.064329"/>
</iter>
<var>${i}</var>
<value>${num_rooms}</value>
<status status="PASS" start="2025-05-17T10:19:54.318608" elapsed="0.064722"/>
</for>
<arg>${Num_rooms}</arg>
<status status="PASS" start="2025-05-17T10:19:54.292550" elapsed="0.090914"/>
</kw>
<kw name="Add Travelers" owner="Agoda-keyword">
<kw name="Wait Until Element Is Visible" owner="SeleniumLibrary">
<arg>xpath=//*[@id="FocusTrap"]/div/div[1]/div[2]/div[2]/button[2]</arg>
<arg>5s</arg>
<doc>Waits until the element ``locator`` is visible.</doc>
<status status="PASS" start="2025-05-17T10:19:54.384331" elapsed="0.013988"/>
</kw>
<for flavor="IN RANGE">
<iter>
<kw name="Click Element" owner="SeleniumLibrary">
<msg time="2025-05-17T10:19:54.399121" level="INFO">Clicking element 'xpath=//*[@id="FocusTrap"]/div/div[1]/div[2]/div[2]/button[2]'.</msg>
<arg>xpath=//*[@id="FocusTrap"]/div/div[1]/div[2]/div[2]/button[2]</arg>
<doc>Click the element identified by ``locator``.</doc>
<status status="PASS" start="2025-05-17T10:19:54.398922" elapsed="0.057612"/>
</kw>
<var name="${i}">0</var>
<status status="PASS" start="2025-05-17T10:19:54.398772" elapsed="0.057991"/>
</iter>
<iter>
<kw name="Click Element" owner="SeleniumLibrary">
<msg time="2025-05-17T10:19:54.457324" level="INFO">Clicking element 'xpath=//*[@id="FocusTrap"]/div/div[1]/div[2]/div[2]/button[2]'.</msg>
<arg>xpath=//*[@id="FocusTrap"]/div/div[1]/div[2]/div[2]/button[2]</arg>
<doc>Click the element identified by ``locator``.</doc>
<status status="PASS" start="2025-05-17T10:19:54.457120" elapsed="0.084368"/>
</kw>
<var name="${i}">1</var>
<status status="PASS" start="2025-05-17T10:19:54.456946" elapsed="0.084714"/>
</iter>
<var>${i}</var>
<value>${num_adults}</value>
<status status="PASS" start="2025-05-17T10:19:54.398509" elapsed="0.143243"/>
</for>
<arg>${Num_adults}</arg>
<status status="PASS" start="2025-05-17T10:19:54.383959" elapsed="0.157919"/>
</kw>
<kw name="Submit Search" owner="Agoda-keyword">
<kw name="Wait Until Element Is Visible" owner="SeleniumLibrary">
<arg>xpath=//*[@id="Tabs-Container"]/button/div</arg>
<arg>5s</arg>
<doc>Waits until the element ``locator`` is visible.</doc>
<status status="PASS" start="2025-05-17T10:19:54.542576" elapsed="0.013827"/>
</kw>
<kw name="Click Element" owner="SeleniumLibrary">
<msg time="2025-05-17T10:19:54.556868" level="INFO">Clicking element 'xpath=//*[@id="Tabs-Container"]/button/div'.</msg>
<arg>xpath=//*[@id="Tabs-Container"]/button/div</arg>
<doc>Click the element identified by ``locator``.</doc>
<status status="PASS" start="2025-05-17T10:19:54.556640" elapsed="1.473122"/>
</kw>
<kw name="Sleep" owner="BuiltIn">
<msg time="2025-05-17T10:19:57.030541" level="INFO">Slept 1 second.</msg>
<arg>1s</arg>
<doc>Pauses the test executed for the given time.</doc>
<status status="PASS" start="2025-05-17T10:19:56.030057" elapsed="1.000767"/>
</kw>
<status status="PASS" start="2025-05-17T10:19:54.542284" elapsed="2.488688"/>
</kw>
<kw name="Switch To Results Tab" owner="Agoda-keyword">
<kw name="Get Window Handles" owner="SeleniumLibrary">
<msg time="2025-05-17T10:19:57.650446" level="INFO">${handles} = ['1B8B04258543686B6B8D9729B8CD14BA', '08CF64A654108836E66FEB1E98445817']</msg>
<var>${handles}</var>
<doc>Returns all child window handles of the selected browser as a list.</doc>
<status status="PASS" start="2025-05-17T10:19:57.032085" elapsed="0.618553"/>
</kw>
<kw name="Log" owner="BuiltIn">
<msg time="2025-05-17T10:19:57.651041" level="INFO">['1B8B04258543686B6B8D9729B8CD14BA', '08CF64A654108836E66FEB1E98445817']</msg>
<arg>${handles}</arg>
<doc>Logs the given message with the given level.</doc>
<status status="PASS" start="2025-05-17T10:19:57.650827" elapsed="0.000329"/>
</kw>
<kw name="Switch Window" owner="SeleniumLibrary">
<arg>${handles[1]}</arg>
<doc>Switches to browser window matching ``locator``.</doc>
<status status="PASS" start="2025-05-17T10:19:57.651292" elapsed="0.174283"/>
</kw>
<kw name="Sleep" owner="BuiltIn">
<msg time="2025-05-17T10:19:58.826420" level="INFO">Slept 1 second.</msg>
<arg>1s</arg>
<doc>Pauses the test executed for the given time.</doc>
<status status="PASS" start="2025-05-17T10:19:57.825876" elapsed="1.000812"/>
</kw>
<status status="PASS" start="2025-05-17T10:19:57.031640" elapsed="1.795187"/>
</kw>
<kw name="Filter Price Range" owner="Agoda-keyword">
<kw name="Input Text" owner="SeleniumLibrary">
<msg time="2025-05-17T10:19:58.828055" level="INFO">Typing text '5000' into text field 'id=price_box_0'.</msg>
<arg>id=price_box_0</arg>
<arg>${min_price}</arg>
<doc>Types the given ``text`` into the text field identified by ``locator``.</doc>
<status status="PASS" start="2025-05-17T10:19:58.827774" elapsed="0.299348"/>
</kw>
<kw name="Input Text" owner="SeleniumLibrary">
<msg time="2025-05-17T10:19:59.127881" level="INFO">Typing text '20000' into text field 'id=price_box_1'.</msg>
<arg>id=price_box_1</arg>
<arg>${max_price}</arg>
<doc>Types the given ``text`` into the text field identified by ``locator``.</doc>
<status status="PASS" start="2025-05-17T10:19:59.127474" elapsed="0.391949"/>
</kw>
<arg>${Min_price}</arg>
<arg>${Max_price}</arg>
<status status="PASS" start="2025-05-17T10:19:58.827317" elapsed="0.692323"/>
</kw>
<kw name="Filter Option" owner="Agoda-keyword">
<kw name="Click Element" owner="SeleniumLibrary">
<msg time="2025-05-17T10:19:59.521002" level="INFO">Clicking element 'xpath=//span[normalize-space(text())='Internet access']/ancestor::label//input[@type='checkbox']'.</msg>
<arg>xpath=//span[normalize-space(text())='${filter_text}']/ancestor::label//input[@type='checkbox']</arg>
<doc>Click the element identified by ``locator``.</doc>
<status status="PASS" start="2025-05-17T10:19:59.520657" elapsed="0.436423"/>
</kw>
<arg>${Filter_text}</arg>
<status status="PASS" start="2025-05-17T10:19:59.520216" elapsed="0.437080"/>
</kw>
<kw name="Filter Type" owner="Agoda-keyword">
<kw name="Click Element" owner="SeleniumLibrary">
<msg time="2025-05-17T10:19:59.958849" level="INFO">Clicking element 'xpath=//span[normalize-space(text())='Hotel']/ancestor::label//input[@type='checkbox']'.</msg>
<arg>xpath=//span[normalize-space(text())='${filter_type}']/ancestor::label//input[@type='checkbox']</arg>
<doc>Click the element identified by ``locator``.</doc>
<status status="PASS" start="2025-05-17T10:19:59.958464" elapsed="0.296722"/>
</kw>
<arg>${Filter_Type}</arg>
<status status="PASS" start="2025-05-17T10:19:59.958009" elapsed="0.297400"/>
</kw>
<kw name="Select First Hotel" owner="Agoda-keyword">
<kw name="Wait Until Element Is Visible" owner="SeleniumLibrary">
<arg>xpath=(//ol[1]/li[contains(@data-selenium, "hotel-item")])[1]</arg>
<arg>10s</arg>
<doc>Waits until the element ``locator`` is visible.</doc>
<status status="PASS" start="2025-05-17T10:20:00.256401" elapsed="1.623812"/>
</kw>
<kw name="Scroll Element Into View" owner="SeleniumLibrary">
<arg>xpath=(//ol[1]/li[contains(@data-selenium, "hotel-item")])[1]</arg>
<doc>Scrolls the element identified by ``locator`` into view.</doc>
<status status="PASS" start="2025-05-17T10:20:01.880455" elapsed="0.289815"/>
</kw>
<kw name="Get Element Attribute" owner="SeleniumLibrary">
<msg time="2025-05-17T10:20:02.185264" level="INFO">${first_hotel_link} = https://www.agoda.com/centara-grand-at-central-world-hotel/hotel/bangkok-th.html?countryId=106&amp;finalPriceView=1&amp;isShowMobileAppPrice=false&amp;cid=-1&amp;numberOfBedrooms=&amp;familyMode=false&amp;adults=4&amp;children=0...</msg>
<var>${first_hotel_link}</var>
<arg>xpath=(//ol[1]/li[contains(@data-selenium, "hotel-item")])[1]//a</arg>
<arg>href</arg>
<doc>Returns the value of ``attribute`` from the element ``locator``.</doc>
<status status="PASS" start="2025-05-17T10:20:02.170622" elapsed="0.014825"/>
</kw>
<kw name="Go To" owner="SeleniumLibrary">
<msg time="2025-05-17T10:20:02.185818" level="INFO">Opening url 'https://www.agoda.com/centara-grand-at-central-world-hotel/hotel/bangkok-th.html?countryId=106&amp;finalPriceView=1&amp;isShowMobileAppPrice=false&amp;cid=-1&amp;numberOfBedrooms=&amp;familyMode=false&amp;adults=4&amp;children=0&amp;rooms=2&amp;maxRooms=0&amp;checkIn=2025-06-20&amp;isCalendarCallout=false&amp;childAges=&amp;numberOfGuest=0&amp;missingChildAges=false&amp;travellerType=3&amp;showReviewSubmissionEntry=false&amp;currencyCode=THB&amp;isFreeOccSearch=false&amp;tspTypes=15,6,-1&amp;los=2&amp;searchrequestid=169efc68-e134-4c9c-ab13-f6de1be555b9'</msg>
<arg>${first_hotel_link}</arg>
<doc>Navigates the current browser window to the provided ``url``.</doc>
<status status="PASS" start="2025-05-17T10:20:02.185628" elapsed="1.049366"/>
</kw>
<status status="PASS" start="2025-05-17T10:20:00.256009" elapsed="2.979187"/>
</kw>
<kw name="Click View Detail" owner="Agoda-keyword">
<kw name="Wait Until Element Is Visible" owner="SeleniumLibrary">
<arg>xpath=//*[@id="hotelNavBar"]/nav/div/div/div[2]/div/div/button</arg>
<arg>10s</arg>
<doc>Waits until the element ``locator`` is visible.</doc>
<status status="PASS" start="2025-05-17T10:20:03.236020" elapsed="5.934758"/>
</kw>
<kw name="Click Element" owner="SeleniumLibrary">
<msg time="2025-05-17T10:20:09.171399" level="INFO">Clicking element 'xpath=//*[@id="hotelNavBar"]/nav/div/div/div[2]/div/div/button'.</msg>
<arg>xpath=//*[@id="hotelNavBar"]/nav/div/div/div[2]/div/div/button</arg>
<doc>Click the element identified by ``locator``.</doc>
<status status="PASS" start="2025-05-17T10:20:09.171109" elapsed="0.900408"/>
</kw>
<kw name="Sleep" owner="BuiltIn">
<msg time="2025-05-17T10:20:11.072440" level="INFO">Slept 1 second.</msg>
<arg>1s</arg>
<doc>Pauses the test executed for the given time.</doc>
<status status="PASS" start="2025-05-17T10:20:10.071809" elapsed="1.000905"/>
</kw>
<status status="PASS" start="2025-05-17T10:20:03.235675" elapsed="7.837178"/>
</kw>
<kw name="Click Book Now" owner="Agoda-keyword">
<kw name="Wait Until Element Is Visible" owner="SeleniumLibrary">
<arg>xpath=//button[normalize-space(.)='Book now']</arg>
<arg>10s</arg>
<doc>Waits until the element ``locator`` is visible.</doc>
<status status="PASS" start="2025-05-17T10:20:11.073763" elapsed="0.151848"/>
</kw>
<kw name="Click Element" owner="SeleniumLibrary">
<msg time="2025-05-17T10:20:11.226076" level="INFO">Clicking element 'xpath=//button[normalize-space(.)='Book now']'.</msg>
<arg>xpath=//button[normalize-space(.)='Book now']</arg>
<doc>Click the element identified by ``locator``.</doc>
<status status="PASS" start="2025-05-17T10:20:11.225856" elapsed="1.041885"/>
</kw>
<kw name="Sleep" owner="BuiltIn">
<msg time="2025-05-17T10:20:14.268721" level="INFO">Slept 2 seconds.</msg>
<arg>2s</arg>
<doc>Pauses the test executed for the given time.</doc>
<status status="PASS" start="2025-05-17T10:20:12.268024" elapsed="2.000961"/>
</kw>
<status status="PASS" start="2025-05-17T10:20:11.073393" elapsed="3.195724"/>
</kw>
<kw name="Fill Contact Firstname" owner="Agoda-keyword">
<kw name="Input Text" owner="SeleniumLibrary">
<msg time="2025-05-17T10:20:14.270327" level="INFO">Typing text 'John' into text field 'id=contact.contactFirstName'.</msg>
<arg>id=contact.contactFirstName</arg>
<arg>${first_name}</arg>
<doc>Types the given ``text`` into the text field identified by ``locator``.</doc>
<status status="PASS" start="2025-05-17T10:20:14.270043" elapsed="2.679758"/>
</kw>
<arg>${first_name}</arg>
<status status="PASS" start="2025-05-17T10:20:14.269652" elapsed="2.680346"/>
</kw>
<kw name="Fill Contact Lastname" owner="Agoda-keyword">
<kw name="Input Text" owner="SeleniumLibrary">
<msg time="2025-05-17T10:20:16.951341" level="INFO">Typing text 'Doe' into text field 'id=contact.contactLastName'.</msg>
<arg>id=contact.contactLastName</arg>
<arg>${last_name}</arg>
<doc>Types the given ``text`` into the text field identified by ``locator``.</doc>
<status status="PASS" start="2025-05-17T10:20:16.951037" elapsed="0.165845"/>
</kw>
<arg>${last_name}</arg>
<status status="PASS" start="2025-05-17T10:20:16.950584" elapsed="0.166502"/>
</kw>
<kw name="Fill Contact Email" owner="Agoda-keyword">
<kw name="Input Text" owner="SeleniumLibrary">
<msg time="2025-05-17T10:20:17.118675" level="INFO">Typing text 'Johndoe@gmail.com' into text field 'id=contact.contactEmail'.</msg>
<arg>id=contact.contactEmail</arg>
<arg>${contact_email}</arg>
<doc>Types the given ``text`` into the text field identified by ``locator``.</doc>
<status status="PASS" start="2025-05-17T10:20:17.118212" elapsed="0.185684"/>
</kw>
<arg>${contact_email}</arg>
<status status="PASS" start="2025-05-17T10:20:17.117660" elapsed="0.186436"/>
</kw>
<kw name="Fill Contact Phone Number" owner="Agoda-keyword">
<kw name="Input Text" owner="SeleniumLibrary">
<msg time="2025-05-17T10:20:17.305636" level="INFO">Typing text '0812345678' into text field 'id=contact.contactPhoneNumber'.</msg>
<arg>id=contact.contactPhoneNumber</arg>
<arg>${contact_phonenumber}</arg>
<doc>Types the given ``text`` into the text field identified by ``locator``.</doc>
<status status="PASS" start="2025-05-17T10:20:17.305309" elapsed="0.140959"/>
</kw>
<arg>${contact_phonenumber}</arg>
<status status="PASS" start="2025-05-17T10:20:17.304727" elapsed="0.141743"/>
</kw>
<kw name="Select Special Offer" owner="Agoda-keyword">
<kw name="Click Element" owner="SeleniumLibrary">
<msg time="2025-05-17T10:20:17.447997" level="INFO">Clicking element 'xpath=//label[contains(., 'Non-smoking')]//input[@type='radio']'.</msg>
<arg>xpath=//label[contains(., '${special_offer}')]//input[@type='radio']</arg>
<doc>Click the element identified by ``locator``.</doc>
<status status="PASS" start="2025-05-17T10:20:17.447726" elapsed="0.130514"/>
</kw>
<arg>${Special_offer}</arg>
<status status="PASS" start="2025-05-17T10:20:17.447176" elapsed="0.131265"/>
</kw>
<kw name="Click Final Step" owner="Agoda-keyword">
<kw name="Scroll Element Into View" owner="SeleniumLibrary">
<arg>xpath=//button[@data-testid="shimmer-cta"]</arg>
<doc>Scrolls the element identified by ``locator`` into view.</doc>
<status status="PASS" start="2025-05-17T10:20:17.579601" elapsed="0.313067"/>
</kw>
<kw name="Click Element" owner="SeleniumLibrary">
<msg time="2025-05-17T10:20:17.893133" level="INFO">Clicking element 'xpath=//button[@data-testid="shimmer-cta"]'.</msg>
<arg>xpath=//button[@data-testid="shimmer-cta"]</arg>
<doc>Click the element identified by ``locator``.</doc>
<status status="PASS" start="2025-05-17T10:20:17.892915" elapsed="0.410090"/>
</kw>
<kw name="Sleep" owner="BuiltIn">
<msg time="2025-05-17T10:20:19.303860" level="INFO">Slept 1 second.</msg>
<arg>1s</arg>
<doc>Pauses the test executed for the given time.</doc>
<status status="PASS" start="2025-05-17T10:20:18.303390" elapsed="1.000790"/>
</kw>
<kw name="Capture Page Screenshot" owner="SeleniumLibrary">
<msg time="2025-05-17T10:20:19.563003" level="INFO" html="true">&lt;/td&gt;&lt;/tr&gt;&lt;tr&gt;&lt;td colspan="3"&gt;&lt;a href="booking-confirmation.png"&gt;&lt;img src="booking-confirmation.png" width="800px"&gt;&lt;/a&gt;</msg>
<arg>booking-confirmation.png</arg>
<doc>Takes a screenshot of the current page and embeds it into a log file.</doc>
<status status="PASS" start="2025-05-17T10:20:19.304440" elapsed="0.258832"/>
</kw>
<status status="PASS" start="2025-05-17T10:20:17.579088" elapsed="1.984318"/>
</kw>
<kw name="Capture Page Screenshot" owner="SeleniumLibrary">
<msg time="2025-05-17T10:20:19.696393" level="INFO" html="true">&lt;/td&gt;&lt;/tr&gt;&lt;tr&gt;&lt;td colspan="3"&gt;&lt;a href="booking-confirmation.png"&gt;&lt;img src="booking-confirmation.png" width="800px"&gt;&lt;/a&gt;</msg>
<arg>booking-confirmation.png</arg>
<doc>Takes a screenshot of the current page and embeds it into a log file.</doc>
<status status="PASS" start="2025-05-17T10:20:19.563987" elapsed="0.132977"/>
</kw>
<kw name="Close Browser" owner="SeleniumLibrary" type="TEARDOWN">
<doc>Closes the current browser.</doc>
<status status="PASS" start="2025-05-17T10:20:19.697585" elapsed="2.245083"/>
</kw>
<status status="PASS" start="2025-05-17T10:19:50.370715" elapsed="31.572449"/>
</test>
<status status="PASS" start="2025-05-17T10:19:50.165761" elapsed="31.778526"/>
</suite>
<statistics>
<total>
<stat pass="1" fail="0" skip="0">All Tests</stat>
</total>
<tag>
</tag>
<suite>
<stat name="Agoda-test" id="s1" pass="1" fail="0" skip="0">Agoda-test</stat>
</suite>
</statistics>
<errors>
</errors>
</robot>
